<?xml version="1.0" encoding="UTF-8"?>
<!-- Generated by org.testng.reporters.JUnitXMLReporter -->
<testsuite ignored="0" hostname="DESKTOP-0K6B6MK" failures="0" tests="4" name="Default test" time="4.918" errors="0" timestamp="2023-01-09T11:05:24 IST">
  <testcase classname="basics.HttpMethods" name="getUser" time="3.21"/>
  <testcase classname="basics.HttpMethods" name="createUser" time="0.788"/>
  <testcase classname="basics.HttpMethods" name="updateUser" time="0.408"/>
  <testcase classname="basics.HttpMethods" name="deleteUser" time="0.408"/>
</testsuite> <!-- Default test -->
