<?xml version="1.0" encoding="UTF-8"?>
<!-- Generated by org.testng.reporters.JUnitXMLReporter -->
<testsuite ignored="0" hostname="DESKTOP-0K6B6MK" failures="0" tests="4" name="Default test" time="4.334" errors="0" timestamp="2023-01-16T07:28:44 IST">
  <testcase classname="basics.PostBody" name="postByExternalJsonFile" time="2.814"/>
  <testcase classname="basics.PostBody" name="postByHashMap" time="0.67"/>
  <testcase classname="basics.PostBody" name="postByJSONObj" time="0.376"/>
  <testcase classname="basics.PostBody" name="postByPOJO" time="0.407"/>
</testsuite> <!-- Default test -->
